<?xml version="1.0" encoding="UTF-8"?>
<testsuite name="com.example.test.ExampleUnitTest" tests="1" skipped="0" failures="0" errors="0" timestamp="2020-03-16T01:58:02" hostname="LAPTOP-J2DD55N3" time="0.003">
  <properties/>
  <testcase name="addition_isCorrect" classname="com.example.test.ExampleUnitTest" time="0.003"/>
  <system-out><![CDATA[]]></system-out>
  <system-err><![CDATA[]]></system-err>
</testsuite>
